<?xml version="1.0" encoding="UTF-8"?>
<!-- Generated by org.testng.reporters.JUnitXMLReporter -->
<testsuite ignored="0" hostname="DESKTOP-Q0H25TU" failures="0" tests="22" name="Test" time="0.379" errors="0" timestamp="2023-09-01T16:12:36 IST">
  <testcase classname="testngScripts.ParametrsExample1" name="signup" time="0.033"/>
  <testcase classname="testngScripts.ParametrsExample1" name="signup" time="0.006"/>
  <testcase classname="testngScripts.ParametrsExample1" name="signup" time="0.004"/>
  <testcase classname="testngScripts.ParametrsExample1" name="signup" time="0.003"/>
  <testcase classname="testngScripts.ParametrsExample1" name="signup" time="0.003"/>
  <testcase classname="testngScripts.ParametrsExample1" name="login" time="0.003"/>
  <testcase classname="testngScripts.ParametrsExample1" name="login" time="0.011"/>
  <testcase classname="testngScripts.ParametrsExample1" name="login" time="0.005"/>
  <testcase classname="testngScripts.ParametrsExample1" name="login" time="0.002"/>
  <testcase classname="testngScripts.ParametrsExample1" name="cart" time="0.002"/>
  <testcase classname="testngScripts.ParametrsExample1" name="cart" time="0.003"/>
  <testcase classname="testngScripts.ParametrsExample1" name="cart" time="0.003"/>
  <testcase classname="testngScripts.ParametrsExample1" name="wishlist" time="0.002"/>
  <testcase classname="testngScripts.ParametrsExample1" name="wishlist" time="0.001"/>
  <testcase classname="testngScripts.ParametrsExample1" name="logout" time="0.004"/>
  <testcase classname="testngScripts.BasicScriptInTestNG" name="test" time="0.004"/>
  <testcase classname="testngScripts.BasicScriptInTestNG" name="test1" time="0.002"/>
  <testcase classname="testngScripts.ParametersExample" name="signup" time="0.002"/>
  <testcase classname="testngScripts.ParametersExample" name="login" time="0.002"/>
  <testcase classname="testngScripts.ParametersExample" name="cart" time="0.003"/>
  <testcase classname="testngScripts.ParametersExample" name="wishlist" time="0.002"/>
  <testcase classname="testngScripts.ParametersExample" name="logout" time="0.002"/>
</testsuite> <!-- Test -->
