<?xml version="1.0" encoding="UTF-8"?>
<testng-results ignored="0" total="1" passed="1" failed="0" skipped="0">
  <reporter-output>
  </reporter-output>
  <suite started-at="2024-08-30T15:16:38 IST" name="Default suite" finished-at="2024-08-30T15:16:46 IST" duration-ms="8592">
    <groups>
    </groups>
    <test started-at="2024-08-30T15:16:38 IST" name="Default test" finished-at="2024-08-30T15:16:46 IST" duration-ms="8592">
      <class name="DemoTools.Draggable">
        <test-method is-config="true" signature="openApp()[pri:0, instance:DemoTools.Draggable@201a4587]" started-at="2024-08-30T15:16:38 IST" name="openApp" finished-at="2024-08-30T15:16:44 IST" duration-ms="6415" status="PASS">
          <reporter-output>
          </reporter-output>
        </test-method> <!-- openApp -->
        <test-method signature="testDraggableFeature()[pri:0, instance:DemoTools.Draggable@201a4587]" started-at="2024-08-30T15:16:44 IST" name="testDraggableFeature" finished-at="2024-08-30T15:16:45 IST" duration-ms="810" status="PASS">
          <reporter-output>
          </reporter-output>
        </test-method> <!-- testDraggableFeature -->
        <test-method is-config="true" signature="closeApp()[pri:0, instance:DemoTools.Draggable@201a4587]" started-at="2024-08-30T15:16:45 IST" name="closeApp" finished-at="2024-08-30T15:16:46 IST" duration-ms="1315" status="PASS">
          <reporter-output>
          </reporter-output>
        </test-method> <!-- closeApp -->
      </class> <!-- DemoTools.Draggable -->
    </test> <!-- Default test -->
  </suite> <!-- Default suite -->
</testng-results>
